#
# A fatal error has been detected by the Java Runtime Environment:
#
#  SIGSEGV (0xb) at pc=0x00000001078725b6, pid=842, tid=21763
#
# JRE version: Java(TM) SE Runtime Environment (13.0.2+8) (build 13.0.2+8)
# Java VM: Java HotSpot(TM) 64-Bit Server VM (13.0.2+8, mixed mode, sharing, tiered, compressed oops, g1 gc, bsd-amd64)
# Problematic frame:
# C  [libjimage.dylib+0x25b6]  _ZNK15ImageFileReader19find_location_indexEPKcPy+0x2c
#
# No core dump will be written. Core dumps have been disabled. To enable core dumping, try "ulimit -c unlimited" before starting Java again
#
# If you would like to submit a bug report, please visit:
#   http://bugreport.java.com/bugreport/crash.jsp
#

---------------  S U M M A R Y ------------

Command Line: -agentlib:jdwp=transport=dt_socket,suspend=y,address=localhost:49627 -ea -javaagent:/Users/utente/eclipse/java-2020-09/Eclipse.app/Contents/Eclipse/configuration/org.eclipse.osgi/209/0/.cp/lib/javaagent-shaded.jar -Dfile.encoding=UTF-8 org.eclipse.jdt.internal.junit.runner.RemoteTestRunner -version 3 -port 49626 -testLoaderClass org.eclipse.jdt.internal.junit5.runner.JUnit5TestLoader -loaderpluginname org.eclipse.jdt.junit5.runtime -classNames JUnit_Test.ClassTest

Host: MacBookAir7,2 x86_64 1600 MHz, 4 cores, 8G, Darwin 20.1.0
Time: Tue Jan 12 10:27:03 2021 CET elapsed time: 521 seconds (0d 0h 8m 41s)

---------------  T H R E A D  ---------------

Current thread (0x00007f8633846800):  JavaThread "Signal Dispatcher" daemon [_thread_in_vm, id=21763, stack(0x0000700005d80000,0x0000700005e80000)]

Stack: [0x0000700005d80000,0x0000700005e80000],  sp=0x0000700005e7e330,  free space=1016k
Native frames: (J=compiled Java code, A=aot compiled Java code, j=interpreted, Vv=VM code, C=native code)
C  [libjimage.dylib+0x25b6]  _ZNK15ImageFileReader19find_location_indexEPKcPy+0x2c
C  [libjimage.dylib+0x280a]  JIMAGE_FindResource+0xcf
V  [libjvm.dylib+0x1e5181]  _ZN19ClassPathImageEntry22open_stream_for_loaderEPKcP15ClassLoaderDataP6Thread+0x49
V  [libjvm.dylib+0x1e759d]  _ZN11ClassLoader10load_classEP6SymbolbP6Thread+0x147
